<?xml version="1.0" encoding="UTF-8"?>
<robot generator="Robot 7.1.1 (Python 3.11.3 on win32)" generated="2024-12-16T01:35:28.624810" rpa="false" schemaversion="5">
<suite id="s1" name="TC 01 Register User" source="C:\Users\Deepak\Desktop\RobotFrameworkPOM\TestCases\TC_01_Register User.robot">
<test id="s1-t1" name="Launch browser" line="9">
<kw name="Open Browser" owner="SeleniumLibrary">
<msg time="2024-12-16T01:35:29.118833" level="INFO">Opening browser 'Chrome' to base url 'None'.</msg>
<arg>${None}</arg>
<arg>Chrome</arg>
<doc>Opens a new browser instance to the optional ``url``.</doc>
<status status="PASS" start="2024-12-16T01:35:29.117809" elapsed="1.781309"/>
</kw>
<status status="PASS" start="2024-12-16T01:35:29.114828" elapsed="1.784290"/>
</test>
<test id="s1-t2" name="Navigate to url 'http://automationexercise.com'" line="12">
<kw name="Go To" owner="SeleniumLibrary">
<msg time="2024-12-16T01:35:30.902121" level="INFO">Opening url 'http://automationexercise.com'</msg>
<arg>http://automationexercise.com</arg>
<doc>Navigates the current browser window to the provided ``url``.</doc>
<status status="PASS" start="2024-12-16T01:35:30.901115" elapsed="2.577014"/>
</kw>
<kw name="Maximize Browser Window" owner="SeleniumLibrary">
<doc>Maximizes current browser window.</doc>
<status status="PASS" start="2024-12-16T01:35:33.479127" elapsed="0.076001"/>
</kw>
<status status="PASS" start="2024-12-16T01:35:30.900116" elapsed="2.655012"/>
</test>
<test id="s1-t3" name="Verify that home page is visible successfully" line="16">
<kw name="Element Should Be Visible" owner="SeleniumLibrary">
<msg time="2024-12-16T01:35:33.608124" level="INFO">Element '//a[normalize-space()='Home']' is displayed.</msg>
<arg>${Navigation_bar.Home_lnk}</arg>
<doc>Verifies that the element identified by ``locator`` is visible.</doc>
<status status="PASS" start="2024-12-16T01:35:33.557123" elapsed="0.051001"/>
</kw>
<status status="PASS" start="2024-12-16T01:35:33.556126" elapsed="0.051998"/>
</test>
<test id="s1-t4" name="Click on 'Signup / Login' button" line="19">
<kw name="Click Element" owner="SeleniumLibrary">
<msg time="2024-12-16T01:35:33.611126" level="INFO">Clicking element '(//a[normalize-space()='Signup / Login'])[1]'.</msg>
<arg>${Navigation_bar.SignUp_Login_lnk}</arg>
<doc>Click the element identified by ``locator``.</doc>
<status status="PASS" start="2024-12-16T01:35:33.610124" elapsed="1.215573"/>
</kw>
<status status="PASS" start="2024-12-16T01:35:33.609127" elapsed="1.216570"/>
</test>
<test id="s1-t5" name="Verify 'New User Signup!' is visible" line="22">
<kw name="Page Should Contain" owner="SeleniumLibrary">
<msg time="2024-12-16T01:35:34.847702" level="INFO">Current page contains text 'New User Signup!'.</msg>
<arg>New User Signup!</arg>
<doc>Verifies that current page contains ``text``.</doc>
<status status="PASS" start="2024-12-16T01:35:34.826703" elapsed="0.021995"/>
</kw>
<status status="PASS" start="2024-12-16T01:35:34.826703" elapsed="0.022998"/>
</test>
<test id="s1-t6" name="Enter name and email address" line="25">
<kw name="Input Text" owner="SeleniumLibrary">
<msg time="2024-12-16T01:35:34.852700" level="INFO">Typing text '1a2bb3ccc' into text field '//input[@placeholder='Name']'.</msg>
<arg>${New_User_Signup.Name_txtbx}</arg>
<arg>1a2bb3ccc</arg>
<doc>Types the given ``text`` into the text field identified by ``locator``.</doc>
<status status="PASS" start="2024-12-16T01:35:34.851701" elapsed="0.288004"/>
</kw>
<kw name="Input Text" owner="SeleniumLibrary">
<msg time="2024-12-16T01:35:35.141701" level="INFO">Typing text '1a2bb3ccc@4dddd.com' into text field '//input[@data-qa='signup-email']'.</msg>
<arg>${New_User_Signup.Eamil_Address_txtbx}</arg>
<arg>1a2bb3ccc@4dddd.com</arg>
<doc>Types the given ``text`` into the text field identified by ``locator``.</doc>
<status status="PASS" start="2024-12-16T01:35:35.140703" elapsed="0.268392"/>
</kw>
<status status="PASS" start="2024-12-16T01:35:34.850700" elapsed="0.558395"/>
</test>
<test id="s1-t7" name="Click 'Signup' button" line="29">
<kw name="Click Button" owner="SeleniumLibrary">
<msg time="2024-12-16T01:35:35.411092" level="INFO">Clicking button '//button[normalize-space()='Signup']'.</msg>
<arg>${New_User_Signup.SignUp_btn}</arg>
<doc>Clicks the button identified by ``locator``.</doc>
<status status="PASS" start="2024-12-16T01:35:35.410092" elapsed="2.473055"/>
</kw>
<status status="PASS" start="2024-12-16T01:35:35.410092" elapsed="2.493053"/>
</test>
<test id="s1-t8" name="Verify that 'ENTER ACCOUNT INFORMATION' is visible" line="32">
<kw name="Page Should Contain Element" owner="SeleniumLibrary">
<msg time="2024-12-16T01:35:38.019148" level="INFO">Current page contains element '//b[normalize-space()='Enter Account Information']'.</msg>
<arg>${Account_Information.Heading_txt}</arg>
<doc>Verifies that element ``locator`` is found on the current page.</doc>
<status status="PASS" start="2024-12-16T01:35:37.960148" elapsed="0.059000"/>
</kw>
<status status="PASS" start="2024-12-16T01:35:37.926149" elapsed="0.095997"/>
</test>
<test id="s1-t9" name="Fill details: Title, Name, Email, Password, Date of birth" line="35">
<kw name="Select Radio Button" owner="SeleniumLibrary">
<msg time="2024-12-16T01:35:38.026148" level="INFO">Selecting 'Mr' from radio button 'title'.</msg>
<arg>title</arg>
<arg>Mr</arg>
<doc>Sets the radio button group ``group_name`` to ``value``.</doc>
<status status="PASS" start="2024-12-16T01:35:38.025153" elapsed="0.294994"/>
</kw>
<kw name="Debug" owner="RobotDebug">
<doc>Open a interactive shell, run any RobotFramework keywords.</doc>
<status status="PASS" start="2024-12-16T01:35:38.321150" elapsed="26.830075"/>
</kw>
<kw name="Input Text" owner="SeleniumLibrary">
<msg time="2024-12-16T01:36:05.153211" level="INFO">Typing text '1a2bb3ccc' into text field '//input[@id='name']'.</msg>
<arg>${Account_Information.Name_txtbx}</arg>
<arg>1a2bb3ccc</arg>
<doc>Types the given ``text`` into the text field identified by ``locator``.</doc>
<status status="PASS" start="2024-12-16T01:36:05.152209" elapsed="0.156011"/>
</kw>
<kw name="Input Text" owner="SeleniumLibrary">
<msg time="2024-12-16T01:36:05.310216" level="INFO">Typing text '1a2bb3ccc@4dddd.com' into text field '//input[@id='email']'.</msg>
<msg time="2024-12-16T01:36:05.633145" level="INFO" html="true">&lt;/td&gt;&lt;/tr&gt;&lt;tr&gt;&lt;td colspan="3"&gt;&lt;a href="selenium-screenshot-5.png"&gt;&lt;img src="selenium-screenshot-5.png" width="800px"&gt;&lt;/a&gt;</msg>
<msg time="2024-12-16T01:36:05.633145" level="FAIL">JavascriptException: Message: javascript error: {"status":12,"value":"Element is not currently interactable and may not be manipulated"}
  (Session info: chrome=131.0.6778.140)
Stacktrace:
	GetHandleVerifier [0x00007FF6B87E6CC5+28821]
	(No symbol) [0x00007FF6B8753850]
	(No symbol) [0x00007FF6B85F578A]
	(No symbol) [0x00007FF6B85FC2ED]
	(No symbol) [0x00007FF6B85FEFCC]
	(No symbol) [0x00007FF6B85FF09F]
	(No symbol) [0x00007FF6B863F3C2]
	(No symbol) [0x00007FF6B866F2FA]
	(No symbol) [0x00007FF6B863C3F6]
	(No symbol) [0x00007FF6B866F510]
	(No symbol) [0x00007FF6B868F412]
	(No symbol) [0x00007FF6B866F0A3]
	(No symbol) [0x00007FF6B863A778]
	(No symbol) [0x00007FF6B863B8E1]
	GetHandleVerifier [0x00007FF6B8B1FCCD+3408029]
	GetHandleVerifier [0x00007FF6B8B3743F+3504143]
	GetHandleVerifier [0x00007FF6B8B2B61D+3455469]
	GetHandleVerifier [0x00007FF6B88ABDCB+835995]
	(No symbol) [0x00007FF6B875EB6F]
	(No symbol) [0x00007FF6B875A824]
	(No symbol) [0x00007FF6B875A9BD]
	(No symbol) [0x00007FF6B874A1A9]
	BaseThreadInitThunk [0x00007FFFED33E8D7+23]
	RtlUserThreadStart [0x00007FFFEEE7FBCC+44]
</msg>
<arg>${Account_Information.Email_txtbx}</arg>
<arg>1a2bb3ccc@4dddd.com</arg>
<doc>Types the given ``text`` into the text field identified by ``locator``.</doc>
<status status="FAIL" start="2024-12-16T01:36:05.309217" elapsed="0.328917">JavascriptException: Message: javascript error: {"status":12,"value":"Element is not currently interactable and may not be manipulated"}
  (Session info: chrome=131.0.6778.140)
Stacktrace:
	GetHandleVerifier [0x00007FF6B87E6CC5+28821]
	(No symbol) [0x00007FF6B8753850]
	(No symbol) [0x00007FF6B85F578A]
	(No symbol) [0x00007FF6B85FC2ED]
	(No symbol) [0x00007FF6B85FEFCC]
	(No symbol) [0x00007FF6B85FF09F]
	(No symbol) [0x00007FF6B863F3C2]
	(No symbol) [0x00007FF6B866F2FA]
	(No symbol) [0x00007FF6B863C3F6]
	(No symbol) [0x00007FF6B866F510]
	(No symbol) [0x00007FF6B868F412]
	(No symbol) [0x00007FF6B866F0A3]
	(No symbol) [0x00007FF6B863A778]
	(No symbol) [0x00007FF6B863B8E1]
	GetHandleVerifier [0x00007FF6B8B1FCCD+3408029]
	GetHandleVerifier [0x00007FF6B8B3743F+3504143]
	GetHandleVerifier [0x00007FF6B8B2B61D+3455469]
	GetHandleVerifier [0x00007FF6B88ABDCB+835995]
	(No symbol) [0x00007FF6B875EB6F]
	(No symbol) [0x00007FF6B875A824]
	(No symbol) [0x00007FF6B875A9BD]
	(No symbol) [0x00007FF6B874A1A9]
	BaseThreadInitThunk [0x00007FFFED33E8D7+23]
	RtlUserThreadStart [0x00007FFFEEE7FBCC+44]
</status>
</kw>
<kw name="Input Password" owner="SeleniumLibrary">
<arg>${Account_Information.Password_txtbx}</arg>
<arg>1a2bb3ccc@4dddd.com</arg>
<doc>Types the given password into the text field identified by ``locator``.</doc>
<status status="NOT RUN" start="2024-12-16T01:36:05.639138" elapsed="0.000000"/>
</kw>
<kw name="Select From List By Label" owner="SeleniumLibrary">
<arg>${Date_Of_Birth_ddbx.days}</arg>
<arg>15</arg>
<doc>Selects options from selection list ``locator`` by ``labels``.</doc>
<status status="NOT RUN" start="2024-12-16T01:36:05.639138" elapsed="0.001012"/>
</kw>
<kw name="Select From List By Label" owner="SeleniumLibrary">
<arg>${Date_Of_Birth_ddbx.months}</arg>
<arg>May</arg>
<doc>Selects options from selection list ``locator`` by ``labels``.</doc>
<status status="NOT RUN" start="2024-12-16T01:36:05.640150" elapsed="0.000000"/>
</kw>
<kw name="Select From List By Label" owner="SeleniumLibrary">
<arg>${Date_Of_Birth_ddbx.years}</arg>
<arg>1987</arg>
<doc>Selects options from selection list ``locator`` by ``labels``.</doc>
<status status="NOT RUN" start="2024-12-16T01:36:05.640150" elapsed="0.000000"/>
</kw>
<status status="FAIL" start="2024-12-16T01:35:38.024146" elapsed="27.616984">JavascriptException: Message: javascript error: {"status":12,"value":"Element is not currently interactable and may not be manipulated"}
  (Session info: chrome=131.0.6778.140)
Stacktrace:
	GetHandleVerifier [0x00007FF6B87E6CC5+28821]
	(No symbol) [0x00007FF6B8753850]
	(No symbol) [0x00007FF6B85F578A]
	(No symbol) [0x00007FF6B85FC2ED]
	(No symbol) [0x00007FF6B85FEFCC]
	(No symbol) [0x00007FF6B85FF09F]
	(No symbol) [0x00007FF6B863F3C2]
	(No symbol) [0x00007FF6B866F2FA]
	(No symbol) [0x00007FF6B863C3F6]
	(No symbol) [0x00007FF6B866F510]
	(No symbol) [0x00007FF6B868F412]
	(No symbol) [0x00007FF6B866F0A3]
	(No symbol) [0x00007FF6B863A778]
	(No symbol) [0x00007FF6B863B8E1]
	GetHandleVerifier [0x00007FF6B8B1FCCD+3408029]
	GetHandleVerifier [0x00007FF6B8B3743F+3504143]
	GetHandleVerifier [0x00007FF6B8B2B61D+3455469]
	GetHandleVerifier [0x00007FF6B88ABDCB+835995]
	(No symbol) [0x00007FF6B875EB6F]
	(No symbol) [0x00007FF6B875A824]
	(No symbol) [0x00007FF6B875A9BD]
	(No symbol) [0x00007FF6B874A1A9]
	BaseThreadInitThunk [0x00007FFFED33E8D7+23]
	RtlUserThreadStart [0x00007FFFEEE7FBCC+44]
</status>
</test>
<test id="s1-t10" name="Select checkbox 'Sign up for our newsletter!'" line="45">
<kw name="Select Checkbox" owner="SeleniumLibrary">
<msg time="2024-12-16T01:36:05.643139" level="FAIL">Resolving variable '${Account_Information.Sign_up_for_our_newsletter_chkb}' failed: AttributeError: Sign_up_for_our_newsletter_chkb</msg>
<arg>${Account_Information.Sign_up_for_our_newsletter_chkb}</arg>
<doc>Selects the checkbox identified by ``locator``.</doc>
<status status="FAIL" start="2024-12-16T01:36:05.643139" elapsed="0.001013">Resolving variable '${Account_Information.Sign_up_for_our_newsletter_chkb}' failed: AttributeError: Sign_up_for_our_newsletter_chkb</status>
</kw>
<status status="FAIL" start="2024-12-16T01:36:05.642132" elapsed="0.002020">Resolving variable '${Account_Information.Sign_up_for_our_newsletter_chkb}' failed: AttributeError: Sign_up_for_our_newsletter_chkb</status>
</test>
<test id="s1-t11" name="Select checkbox 'Receive special offers from our partners!'" line="48">
<kw name="Select Checkbox" owner="SeleniumLibrary">
<msg time="2024-12-16T01:36:05.646149" level="INFO">Selecting checkbox '//input[@id='optin']'.</msg>
<arg>${Account_Information.Receive_special_offers_from_our_partners}</arg>
<doc>Selects the checkbox identified by ``locator``.</doc>
<status status="PASS" start="2024-12-16T01:36:05.645145" elapsed="0.130992"/>
</kw>
<status status="PASS" start="2024-12-16T01:36:05.645145" elapsed="0.130992"/>
</test>
<status status="FAIL" start="2024-12-16T01:35:28.627810" elapsed="37.150324"/>
</suite>
<statistics>
<total>
<stat pass="9" fail="2" skip="0">All Tests</stat>
</total>
<tag>
</tag>
<suite>
<stat pass="9" fail="2" skip="0" id="s1" name="TC 01 Register User">TC 01 Register User</stat>
</suite>
</statistics>
<errors>
</errors>
</robot>
